[2024-06-21 04:36:08Z INFO HostContext] No proxy settings were found based on environmental variables (http_proxy/https_proxy/HTTP_PROXY/HTTPS_PROXY)
[2024-06-21 04:36:08Z INFO HostContext] Well known directory 'Bin': 'F:\Sites Дипломы\manarbekov.github.io\actions-runner\bin'
[2024-06-21 04:36:08Z INFO HostContext] Well known directory 'Root': 'F:\Sites Дипломы\manarbekov.github.io\actions-runner'
[2024-06-21 04:36:08Z INFO HostContext] Well known config file 'Credentials': 'F:\Sites Дипломы\manarbekov.github.io\actions-runner\.credentials'
[2024-06-21 04:36:08Z INFO HostContext] Well known directory 'Bin': 'F:\Sites Дипломы\manarbekov.github.io\actions-runner\bin'
[2024-06-21 04:36:08Z INFO HostContext] Well known directory 'Root': 'F:\Sites Дипломы\manarbekov.github.io\actions-runner'
[2024-06-21 04:36:08Z INFO HostContext] Well known config file 'Runner': 'F:\Sites Дипломы\manarbekov.github.io\actions-runner\.runner'
[2024-06-21 04:36:08Z INFO Listener] Runner is built for Windows (X64) - win-x64.
[2024-06-21 04:36:08Z INFO Listener] RuntimeInformation: Microsoft Windows 10.0.19045.
[2024-06-21 04:36:08Z INFO Listener] Version: 2.317.0
[2024-06-21 04:36:08Z INFO Listener] Commit: 6dc005ee3690a0303e0d7269b6f60295d22dcfad
[2024-06-21 04:36:08Z INFO Listener] Culture: en-US
[2024-06-21 04:36:08Z INFO Listener] UI Culture: en-US
[2024-06-21 04:36:08Z INFO HostContext] Well known directory 'Bin': 'F:\Sites Дипломы\manarbekov.github.io\actions-runner\bin'
[2024-06-21 04:36:08Z INFO HostContext] Well known directory 'Root': 'F:\Sites Дипломы\manarbekov.github.io\actions-runner'
[2024-06-21 04:36:08Z INFO Listener] Validating directory permissions for: 'F:\Sites Дипломы\manarbekov.github.io\actions-runner'
[2024-06-21 04:36:08Z INFO CommandLineParser] Parse
[2024-06-21 04:36:08Z INFO CommandLineParser] Parsing 5 args
[2024-06-21 04:36:08Z INFO CommandLineParser] parsing argument
[2024-06-21 04:36:08Z INFO CommandLineParser] HasArgs: False
[2024-06-21 04:36:08Z INFO CommandLineParser] Adding Command: configure
[2024-06-21 04:36:08Z INFO CommandLineParser] parsing argument
[2024-06-21 04:36:08Z INFO CommandLineParser] HasArgs: True
[2024-06-21 04:36:08Z INFO CommandLineParser] arg: url
[2024-06-21 04:36:08Z INFO CommandLineParser] parsing argument
[2024-06-21 04:36:08Z INFO CommandLineParser] HasArgs: True
[2024-06-21 04:36:08Z INFO CommandLineParser] Adding option 'url': 'https://github.com/bodryakov-web/manarbekov.github.io'
[2024-06-21 04:36:08Z INFO CommandLineParser] parsing argument
[2024-06-21 04:36:08Z INFO CommandLineParser] HasArgs: True
[2024-06-21 04:36:08Z INFO CommandLineParser] arg: token
[2024-06-21 04:36:08Z INFO CommandLineParser] parsing argument
[2024-06-21 04:36:08Z INFO CommandLineParser] HasArgs: True
[2024-06-21 04:36:08Z INFO CommandLineParser] Adding option 'token': '***'
[2024-06-21 04:36:08Z INFO Listener] Arguments parsed
[2024-06-21 04:36:08Z INFO Runner] ExecuteCommand
[2024-06-21 04:36:08Z INFO ConfigurationStore] currentAssemblyLocation: F:\Sites Дипломы\manarbekov.github.io\actions-runner\bin\Runner.Listener.dll
[2024-06-21 04:36:08Z INFO HostContext] Well known directory 'Bin': 'F:\Sites Дипломы\manarbekov.github.io\actions-runner\bin'
[2024-06-21 04:36:08Z INFO ConfigurationStore] binPath: F:\Sites Дипломы\manarbekov.github.io\actions-runner\bin
[2024-06-21 04:36:08Z INFO HostContext] Well known directory 'Bin': 'F:\Sites Дипломы\manarbekov.github.io\actions-runner\bin'
[2024-06-21 04:36:08Z INFO HostContext] Well known directory 'Root': 'F:\Sites Дипломы\manarbekov.github.io\actions-runner'
[2024-06-21 04:36:08Z INFO ConfigurationStore] RootFolder: F:\Sites Дипломы\manarbekov.github.io\actions-runner
[2024-06-21 04:36:08Z INFO HostContext] Well known directory 'Bin': 'F:\Sites Дипломы\manarbekov.github.io\actions-runner\bin'
[2024-06-21 04:36:08Z INFO HostContext] Well known directory 'Root': 'F:\Sites Дипломы\manarbekov.github.io\actions-runner'
[2024-06-21 04:36:08Z INFO HostContext] Well known config file 'Runner': 'F:\Sites Дипломы\manarbekov.github.io\actions-runner\.runner'
[2024-06-21 04:36:08Z INFO ConfigurationStore] ConfigFilePath: F:\Sites Дипломы\manarbekov.github.io\actions-runner\.runner
[2024-06-21 04:36:08Z INFO HostContext] Well known directory 'Bin': 'F:\Sites Дипломы\manarbekov.github.io\actions-runner\bin'
[2024-06-21 04:36:08Z INFO HostContext] Well known directory 'Root': 'F:\Sites Дипломы\manarbekov.github.io\actions-runner'
[2024-06-21 04:36:08Z INFO HostContext] Well known config file 'Credentials': 'F:\Sites Дипломы\manarbekov.github.io\actions-runner\.credentials'
[2024-06-21 04:36:08Z INFO ConfigurationStore] CredFilePath: F:\Sites Дипломы\manarbekov.github.io\actions-runner\.credentials
[2024-06-21 04:36:08Z INFO HostContext] Well known directory 'Bin': 'F:\Sites Дипломы\manarbekov.github.io\actions-runner\bin'
[2024-06-21 04:36:08Z INFO HostContext] Well known directory 'Root': 'F:\Sites Дипломы\manarbekov.github.io\actions-runner'
[2024-06-21 04:36:08Z INFO HostContext] Well known config file 'MigratedCredentials': 'F:\Sites Дипломы\manarbekov.github.io\actions-runner\.credentials_migrated'
[2024-06-21 04:36:08Z INFO ConfigurationStore] MigratedCredFilePath: F:\Sites Дипломы\manarbekov.github.io\actions-runner\.credentials_migrated
[2024-06-21 04:36:08Z INFO HostContext] Well known directory 'Bin': 'F:\Sites Дипломы\manarbekov.github.io\actions-runner\bin'
[2024-06-21 04:36:08Z INFO HostContext] Well known directory 'Root': 'F:\Sites Дипломы\manarbekov.github.io\actions-runner'
[2024-06-21 04:36:08Z INFO HostContext] Well known config file 'Service': 'F:\Sites Дипломы\manarbekov.github.io\actions-runner\.service'
[2024-06-21 04:36:08Z INFO ConfigurationStore] ServiceConfigFilePath: F:\Sites Дипломы\manarbekov.github.io\actions-runner\.service
[2024-06-21 04:36:08Z INFO CommandSettings] Flag 'help': 'False'
[2024-06-21 04:36:08Z INFO CommandSettings] Flag 'version': 'False'
[2024-06-21 04:36:08Z INFO CommandSettings] Flag 'commit': 'False'
[2024-06-21 04:36:08Z INFO CommandSettings] Flag 'check': 'False'
[2024-06-21 04:36:08Z INFO CommandSettings] Command 'configure': 'True'
[2024-06-21 04:36:08Z INFO Terminal] WRITE LINE: 
[2024-06-21 04:36:08Z INFO Terminal] WRITE LINE: --------------------------------------------------------------------------------
[2024-06-21 04:36:08Z INFO Terminal] WRITE LINE: |        ____ _ _   _   _       _          _        _   _                      |
[2024-06-21 04:36:08Z INFO Terminal] WRITE LINE: |       / ___(_) |_| | | |_   _| |__      / \   ___| |_(_) ___  _ __  ___      |
[2024-06-21 04:36:08Z INFO Terminal] WRITE LINE: |      | |  _| | __| |_| | | | | '_ \    / _ \ / __| __| |/ _ \| '_ \/ __|     |
[2024-06-21 04:36:08Z INFO Terminal] WRITE LINE: |      | |_| | | |_|  _  | |_| | |_) |  / ___ \ (__| |_| | (_) | | | \__ \     |
[2024-06-21 04:36:08Z INFO Terminal] WRITE LINE: |       \____|_|\__|_| |_|\__,_|_.__/  /_/   \_\___|\__|_|\___/|_| |_|___/     |
[2024-06-21 04:36:08Z INFO Terminal] WRITE LINE: |                                                                              |
[2024-06-21 04:36:08Z INFO Terminal] WRITE: |                       
[2024-06-21 04:36:08Z INFO Terminal] WRITE: Self-hosted runner registration
[2024-06-21 04:36:08Z INFO Terminal] WRITE LINE:                         |
[2024-06-21 04:36:08Z INFO Terminal] WRITE LINE: |                                                                              |
[2024-06-21 04:36:08Z INFO Terminal] WRITE LINE: --------------------------------------------------------------------------------
[2024-06-21 04:36:08Z INFO ConfigurationManager] ConfigureAsync
[2024-06-21 04:36:08Z INFO CommandSettings] Flag 'generateServiceConfig': 'False'
[2024-06-21 04:36:08Z INFO ConfigurationStore] IsConfigured()
[2024-06-21 04:36:08Z INFO ConfigurationStore] IsConfigured: False
[2024-06-21 04:36:08Z INFO ConfigurationManager] Is configured: False
[2024-06-21 04:36:08Z INFO CommandSettings] Arg 'url': 'https://github.com/bodryakov-web/manarbekov.github.io'
[2024-06-21 04:36:08Z INFO CommandSettings] Remove url from Arg dictionary.
[2024-06-21 04:36:08Z INFO CommandSettings] Arg 'token': '***'
[2024-06-21 04:36:08Z INFO CommandSettings] Remove token from Arg dictionary.
[2024-06-21 04:36:09Z INFO ConfigurationManager] Http response code: OK from 'POST https://api.github.com/actions/runner-registration' (FAF7:3FDAF9:1FD140F:202E63E:66751144)
[2024-06-21 04:36:09Z INFO ConfigurationManager] Using V2 flow: False
[2024-06-21 04:36:09Z INFO ConfigurationManager] cred retrieved via GitHub auth
[2024-06-21 04:36:09Z INFO RunnerServer] EstablishVssConnection
[2024-06-21 04:36:09Z INFO RunnerServer] Establish connection with 100 seconds timeout.
[2024-06-21 04:36:09Z INFO GitHubActionsService] Starting operation Location.GetConnectionData
[2024-06-21 04:36:09Z INFO RunnerServer] EstablishVssConnection
[2024-06-21 04:36:09Z INFO RunnerServer] Establish connection with 60 seconds timeout.
[2024-06-21 04:36:09Z INFO GitHubActionsService] Starting operation Location.GetConnectionData
[2024-06-21 04:36:09Z INFO RunnerServer] EstablishVssConnection
[2024-06-21 04:36:09Z INFO RunnerServer] Establish connection with 60 seconds timeout.
[2024-06-21 04:36:09Z INFO GitHubActionsService] Starting operation Location.GetConnectionData
[2024-06-21 04:36:11Z INFO GitHubActionsService] Finished operation Location.GetConnectionData
[2024-06-21 04:36:11Z INFO GitHubActionsService] Finished operation Location.GetConnectionData
[2024-06-21 04:36:11Z INFO GitHubActionsService] Finished operation Location.GetConnectionData
[2024-06-21 04:36:11Z INFO Terminal] WRITE LINE: 
[2024-06-21 04:36:11Z INFO ConfigurationManager] Test Connection complete.
[2024-06-21 04:36:11Z INFO HostContext] Well known directory 'Bin': 'F:\Sites Дипломы\manarbekov.github.io\actions-runner\bin'
[2024-06-21 04:36:11Z INFO HostContext] Well known directory 'Root': 'F:\Sites Дипломы\manarbekov.github.io\actions-runner'
[2024-06-21 04:36:11Z INFO HostContext] Well known config file 'RSACredentials': 'F:\Sites Дипломы\manarbekov.github.io\actions-runner\.credentials_rsaparams'
[2024-06-21 04:36:11Z INFO RSAEncryptedFileKeyManager] Creating new RSA key using 2048-bit key length
[2024-06-21 04:36:11Z INFO RSAEncryptedFileKeyManager] Successfully saved RSA key parameters to file F:\Sites Дипломы\manarbekov.github.io\actions-runner\.credentials_rsaparams
[2024-06-21 04:36:11Z INFO CommandSettings] Arg 'runnergroup': ''
[2024-06-21 04:36:11Z INFO CommandSettings] Flag 'unattended': 'False'
[2024-06-21 04:36:11Z INFO PromptManager] ReadValue
[2024-06-21 04:36:11Z INFO Terminal] WRITE: Enter the name of the runner group to add this runner to: 
[2024-06-21 04:36:11Z INFO Terminal] WRITE: [press Enter for Default] 
[2024-06-21 04:36:11Z INFO Terminal] READ LINE
[2024-06-21 04:36:33Z INFO Terminal] Read value: ''
[2024-06-21 04:36:33Z INFO PromptManager] Falling back to the default: 'Default'
[2024-06-21 04:36:33Z INFO Terminal] WRITE LINE: 
[2024-06-21 04:36:33Z INFO ConfigurationManager] Found a self-hosted runner group with id 1 and name Default
[2024-06-21 04:36:33Z INFO CommandSettings] Flag 'disableupdate': 'False'
[2024-06-21 04:36:33Z INFO CommandSettings] Flag 'ephemeral': 'False'
[2024-06-21 04:36:33Z INFO CommandSettings] Arg 'name': ''
[2024-06-21 04:36:33Z INFO CommandSettings] Flag 'unattended': 'False'
[2024-06-21 04:36:33Z INFO PromptManager] ReadValue
[2024-06-21 04:36:33Z INFO Terminal] WRITE: Enter the name of runner: 
[2024-06-21 04:36:33Z INFO Terminal] WRITE: [press Enter for DESKTOP-UFV6B7G] 
[2024-06-21 04:36:33Z INFO Terminal] READ LINE
[2024-06-21 04:36:39Z INFO Terminal] Read value: ''
[2024-06-21 04:36:39Z INFO PromptManager] Falling back to the default: 'DESKTOP-UFV6B7G'
[2024-06-21 04:36:39Z INFO Terminal] WRITE LINE: 
[2024-06-21 04:36:39Z INFO CommandSettings] Arg 'labels': ''
[2024-06-21 04:36:39Z INFO CommandSettings] Flag 'unattended': 'False'
[2024-06-21 04:36:39Z INFO PromptManager] ReadValue
[2024-06-21 04:36:39Z INFO Terminal] WRITE: This runner will have the following labels: 'self-hosted', 'Windows', 'X64' 
Enter any additional labels (ex. label-1,label-2): 
[2024-06-21 04:36:39Z INFO Terminal] WRITE: [press Enter to skip] 
[2024-06-21 04:36:39Z INFO Terminal] READ LINE
[2024-06-21 04:36:47Z INFO Terminal] Read value: ''
[2024-06-21 04:36:47Z INFO Terminal] WRITE LINE: 
[2024-06-21 04:36:47Z INFO CommandSettings] Flag 'disableupdate': 'False'
[2024-06-21 04:36:47Z INFO CommandSettings] Flag 'no-default-labels': 'False'
[2024-06-21 04:36:48Z INFO CommandSettings] Flag 'disableupdate': 'False'
[2024-06-21 04:36:48Z INFO CommandSettings] Flag 'ephemeral': 'False'
[2024-06-21 04:36:48Z INFO ConfigurationStore] Saving OAuth credential @ F:\Sites Дипломы\manarbekov.github.io\actions-runner\.credentials
[2024-06-21 04:36:48Z INFO ConfigurationStore] Credentials Saved.
[2024-06-21 04:36:48Z INFO ConfigurationStore] HasCredentials()
[2024-06-21 04:36:48Z INFO ConfigurationStore] stored True
[2024-06-21 04:36:48Z INFO CredentialManager] GetCredentialProvider
[2024-06-21 04:36:48Z INFO CredentialManager] Creating type OAuth
[2024-06-21 04:36:48Z INFO CredentialManager] Creating credential type: OAuth
[2024-06-21 04:36:48Z INFO RSAEncryptedFileKeyManager] Loading RSA key parameters from file F:\Sites Дипломы\manarbekov.github.io\actions-runner\.credentials_rsaparams
[2024-06-21 04:36:48Z INFO RunnerServer] EstablishVssConnection
[2024-06-21 04:36:48Z INFO RunnerServer] Establish connection with 100 seconds timeout.
[2024-06-21 04:36:48Z INFO GitHubActionsService] Starting operation Location.GetConnectionData
[2024-06-21 04:36:48Z INFO RunnerServer] EstablishVssConnection
[2024-06-21 04:36:48Z INFO RunnerServer] Establish connection with 60 seconds timeout.
[2024-06-21 04:36:48Z INFO GitHubActionsService] Starting operation Location.GetConnectionData
[2024-06-21 04:36:48Z INFO RunnerServer] EstablishVssConnection
[2024-06-21 04:36:48Z INFO RunnerServer] Establish connection with 60 seconds timeout.
[2024-06-21 04:36:48Z INFO GitHubActionsService] Starting operation Location.GetConnectionData
[2024-06-21 04:36:48Z INFO GitHubActionsService] Finished operation Location.GetConnectionData
[2024-06-21 04:36:48Z INFO GitHubActionsService] Finished operation Location.GetConnectionData
[2024-06-21 04:36:48Z INFO GitHubActionsService] Finished operation Location.GetConnectionData
[2024-06-21 04:36:49Z INFO RSAEncryptedFileKeyManager] Loading RSA key parameters from file F:\Sites Дипломы\manarbekov.github.io\actions-runner\.credentials_rsaparams
[2024-06-21 04:36:49Z INFO RSAEncryptedFileKeyManager] Loading RSA key parameters from file F:\Sites Дипломы\manarbekov.github.io\actions-runner\.credentials_rsaparams
[2024-06-21 04:36:49Z ERR  GitHubActionsService] POST request to https://vstoken.actions.githubusercontent.com/_apis/oauth2/token/a5d2591f-b829-42d1-9f26-ae8e29b1f4c6 failed. HTTP Status: BadRequest, AFD Ref: Ref A: CF54933E7C974AB693347CA235F20D49 Ref B: DUS30EDGE0317 Ref C: 2024-06-21T05:36:45Z
[2024-06-21 04:36:49Z INFO GitHubActionsService] AAD Correlation ID for this token request: Unknown
[2024-06-21 04:36:49Z ERR  ConfigurationManager] Catch exception during test agent connection.
[2024-06-21 04:36:49Z ERR  ConfigurationManager] GitHub.Services.OAuth.VssOAuthTokenRequestException: The token expired on 06/21/2024 04:41:49. Current server time is 06/21/2024 05:36:45.
   at GitHub.Services.OAuth.VssOAuthTokenProvider.OnGetTokenAsync(IssuedToken failedToken, CancellationToken cancellationToken)
   at GitHub.Services.Common.IssuedTokenProvider.GetTokenOperation.GetTokenAsync(VssTraceActivity traceActivity)
   at GitHub.Services.Common.IssuedTokenProvider.GetTokenAsync(IssuedToken failedToken, CancellationToken cancellationToken)
   at GitHub.Services.Common.VssHttpMessageHandler.SendAsync(HttpRequestMessage request, CancellationToken cancellationToken)
   at GitHub.Services.Common.VssHttpRetryMessageHandler.SendAsync(HttpRequestMessage request, CancellationToken cancellationToken)
   at System.Net.Http.HttpClient.<SendAsync>g__Core|83_0(HttpRequestMessage request, HttpCompletionOption completionOption, CancellationTokenSource cts, Boolean disposeCts, CancellationTokenSource pendingRequestsCts, CancellationToken originalCancellationToken)
   at GitHub.Services.WebApi.VssHttpClientBase.SendAsync(HttpRequestMessage message, HttpCompletionOption completionOption, Object userState, CancellationToken cancellationToken)
   at GitHub.Services.WebApi.VssHttpClientBase.SendAsync[T](HttpRequestMessage message, Object userState, CancellationToken cancellationToken)
   at GitHub.Services.WebApi.VssHttpClientBase.SendAsync[T](HttpMethod method, IEnumerable`1 additionalHeaders, Guid locationId, Object routeValues, ApiResourceVersion version, HttpContent content, IEnumerable`1 queryParameters, Object userState, CancellationToken cancellationToken)
   at GitHub.Runner.Listener.Configuration.ConfigurationManager.ConfigureAsync(CommandSettings command)
[2024-06-21 04:36:49Z ERR  Runner] System.Exception: The local machine's clock may be out of sync with the server time by more than five minutes. Please sync your clock with your domain or internet time and try again.
   at GitHub.Runner.Listener.Configuration.ConfigurationManager.ConfigureAsync(CommandSettings command)
   at GitHub.Runner.Listener.Runner.ExecuteCommand(CommandSettings command)
[2024-06-21 04:36:49Z ERR  Terminal] WRITE ERROR: The local machine's clock may be out of sync with the server time by more than five minutes. Please sync your clock with your domain or internet time and try again.
[2024-06-21 04:36:49Z INFO Listener] Runner execution has finished with return code 1
