[2024-06-21 04:36:57Z INFO HostContext] No proxy settings were found based on environmental variables (http_proxy/https_proxy/HTTP_PROXY/HTTPS_PROXY)
[2024-06-21 04:36:57Z INFO HostContext] Well known directory 'Bin': 'F:\Sites Дипломы\manarbekov.github.io\actions-runner\bin'
[2024-06-21 04:36:57Z INFO HostContext] Well known directory 'Root': 'F:\Sites Дипломы\manarbekov.github.io\actions-runner'
[2024-06-21 04:36:57Z INFO HostContext] Well known config file 'Credentials': 'F:\Sites Дипломы\manarbekov.github.io\actions-runner\.credentials'
[2024-06-21 04:36:57Z INFO HostContext] Well known directory 'Bin': 'F:\Sites Дипломы\manarbekov.github.io\actions-runner\bin'
[2024-06-21 04:36:57Z INFO HostContext] Well known directory 'Root': 'F:\Sites Дипломы\manarbekov.github.io\actions-runner'
[2024-06-21 04:36:57Z INFO HostContext] Well known config file 'Runner': 'F:\Sites Дипломы\manarbekov.github.io\actions-runner\.runner'
[2024-06-21 04:36:57Z INFO Listener] Runner is built for Windows (X64) - win-x64.
[2024-06-21 04:36:57Z INFO Listener] RuntimeInformation: Microsoft Windows 10.0.19045.
[2024-06-21 04:36:57Z INFO Listener] Version: 2.317.0
[2024-06-21 04:36:57Z INFO Listener] Commit: 6dc005ee3690a0303e0d7269b6f60295d22dcfad
[2024-06-21 04:36:57Z INFO Listener] Culture: en-US
[2024-06-21 04:36:57Z INFO Listener] UI Culture: en-US
[2024-06-21 04:36:57Z INFO HostContext] Well known directory 'Bin': 'F:\Sites Дипломы\manarbekov.github.io\actions-runner\bin'
[2024-06-21 04:36:57Z INFO HostContext] Well known directory 'Root': 'F:\Sites Дипломы\manarbekov.github.io\actions-runner'
[2024-06-21 04:36:57Z INFO Listener] Validating directory permissions for: 'F:\Sites Дипломы\manarbekov.github.io\actions-runner'
[2024-06-21 04:36:57Z INFO CommandLineParser] Parse
[2024-06-21 04:36:57Z INFO CommandLineParser] Parsing 1 args
[2024-06-21 04:36:57Z INFO CommandLineParser] parsing argument
[2024-06-21 04:36:57Z INFO CommandLineParser] HasArgs: False
[2024-06-21 04:36:57Z INFO CommandLineParser] Adding Command: run
[2024-06-21 04:36:57Z INFO Listener] Arguments parsed
[2024-06-21 04:36:57Z INFO Runner] ExecuteCommand
[2024-06-21 04:36:57Z INFO ConfigurationStore] currentAssemblyLocation: F:\Sites Дипломы\manarbekov.github.io\actions-runner\bin\Runner.Listener.dll
[2024-06-21 04:36:57Z INFO HostContext] Well known directory 'Bin': 'F:\Sites Дипломы\manarbekov.github.io\actions-runner\bin'
[2024-06-21 04:36:57Z INFO ConfigurationStore] binPath: F:\Sites Дипломы\manarbekov.github.io\actions-runner\bin
[2024-06-21 04:36:57Z INFO HostContext] Well known directory 'Bin': 'F:\Sites Дипломы\manarbekov.github.io\actions-runner\bin'
[2024-06-21 04:36:57Z INFO HostContext] Well known directory 'Root': 'F:\Sites Дипломы\manarbekov.github.io\actions-runner'
[2024-06-21 04:36:57Z INFO ConfigurationStore] RootFolder: F:\Sites Дипломы\manarbekov.github.io\actions-runner
[2024-06-21 04:36:57Z INFO HostContext] Well known directory 'Bin': 'F:\Sites Дипломы\manarbekov.github.io\actions-runner\bin'
[2024-06-21 04:36:57Z INFO HostContext] Well known directory 'Root': 'F:\Sites Дипломы\manarbekov.github.io\actions-runner'
[2024-06-21 04:36:57Z INFO HostContext] Well known config file 'Runner': 'F:\Sites Дипломы\manarbekov.github.io\actions-runner\.runner'
[2024-06-21 04:36:57Z INFO ConfigurationStore] ConfigFilePath: F:\Sites Дипломы\manarbekov.github.io\actions-runner\.runner
[2024-06-21 04:36:57Z INFO HostContext] Well known directory 'Bin': 'F:\Sites Дипломы\manarbekov.github.io\actions-runner\bin'
[2024-06-21 04:36:57Z INFO HostContext] Well known directory 'Root': 'F:\Sites Дипломы\manarbekov.github.io\actions-runner'
[2024-06-21 04:36:57Z INFO HostContext] Well known config file 'Credentials': 'F:\Sites Дипломы\manarbekov.github.io\actions-runner\.credentials'
[2024-06-21 04:36:57Z INFO ConfigurationStore] CredFilePath: F:\Sites Дипломы\manarbekov.github.io\actions-runner\.credentials
[2024-06-21 04:36:57Z INFO HostContext] Well known directory 'Bin': 'F:\Sites Дипломы\manarbekov.github.io\actions-runner\bin'
[2024-06-21 04:36:57Z INFO HostContext] Well known directory 'Root': 'F:\Sites Дипломы\manarbekov.github.io\actions-runner'
[2024-06-21 04:36:57Z INFO HostContext] Well known config file 'MigratedCredentials': 'F:\Sites Дипломы\manarbekov.github.io\actions-runner\.credentials_migrated'
[2024-06-21 04:36:57Z INFO ConfigurationStore] MigratedCredFilePath: F:\Sites Дипломы\manarbekov.github.io\actions-runner\.credentials_migrated
[2024-06-21 04:36:57Z INFO HostContext] Well known directory 'Bin': 'F:\Sites Дипломы\manarbekov.github.io\actions-runner\bin'
[2024-06-21 04:36:57Z INFO HostContext] Well known directory 'Root': 'F:\Sites Дипломы\manarbekov.github.io\actions-runner'
[2024-06-21 04:36:57Z INFO HostContext] Well known config file 'Service': 'F:\Sites Дипломы\manarbekov.github.io\actions-runner\.service'
[2024-06-21 04:36:57Z INFO ConfigurationStore] ServiceConfigFilePath: F:\Sites Дипломы\manarbekov.github.io\actions-runner\.service
[2024-06-21 04:36:57Z INFO CommandSettings] Flag 'help': 'False'
[2024-06-21 04:36:57Z INFO CommandSettings] Flag 'version': 'False'
[2024-06-21 04:36:57Z INFO CommandSettings] Flag 'commit': 'False'
[2024-06-21 04:36:57Z INFO CommandSettings] Flag 'check': 'False'
[2024-06-21 04:36:57Z INFO CommandSettings] Command 'configure': 'False'
[2024-06-21 04:36:57Z INFO CommandSettings] Command 'remove': 'False'
[2024-06-21 04:36:57Z INFO CommandSettings] Command 'warmup': 'False'
[2024-06-21 04:36:57Z INFO ConfigurationManager] LoadSettings
[2024-06-21 04:36:57Z INFO ConfigurationStore] IsConfigured()
[2024-06-21 04:36:57Z INFO ConfigurationStore] IsConfigured: False
[2024-06-21 04:36:57Z INFO ConfigurationManager] Is configured: False
[2024-06-21 04:36:57Z ERR  Terminal] WRITE ERROR: An error occurred: Not configured. Run config.(sh/cmd) to configure the runner.
[2024-06-21 04:36:57Z ERR  Listener] GitHub.Runner.Common.NonRetryableException: Not configured. Run config.(sh/cmd) to configure the runner.
   at GitHub.Runner.Listener.Configuration.ConfigurationManager.LoadSettings()
   at GitHub.Runner.Listener.Runner.ExecuteCommand(CommandSettings command)
   at GitHub.Runner.Listener.Program.MainAsync(IHostContext context, String[] args)
